VirtualBox GUI VM Selector Window 4.3.20_OSE r96996 linux.amd64 (Nov 22 2014 00:47:08) release log
00:00:00.274397 Log opened 2014-11-29T21:44:04.902418000Z
00:00:00.274399 Build Type: release
00:00:00.274401 OS Product: Linux
00:00:00.274403 OS Release: 3.17.3-1-ARCH
00:00:00.274404 OS Version: #1 SMP PREEMPT Fri Nov 14 23:13:48 CET 2014
00:00:00.274423 DMI Product Name: Aspire 5755
00:00:00.274430 DMI Product Version: V1.17
00:00:00.274503 Host RAM: 7842MB total, 7359MB available
00:00:00.274505 Executable: /usr/lib/virtualbox/VirtualBox
00:00:00.274506 Process ID: 1047
00:00:00.274507 Package type: LINUX_64BITS_GENERIC (OSE)
00:00:00.280122 UIMediumEnumerator: Medium-enumeration started...
00:00:00.341607 UIMediumEnumerator: Medium-enumeration finished!
00:00:02.616725 2D support test succeeded
00:00:02.620784 UIMediumEnumerator: Medium-enumeration started...
00:00:02.699942 UIMediumEnumerator: Medium-enumeration finished!
00:00:29.140888 UIMediumEnumerator: Machine (or snapshot) event received, ID = 4ad3e628-a08a-4254-8a9f-7ca11d7baa80
00:00:29.140971 UIMediumEnumerator:  Old usage: 12c11262-8137-4f75-b1ff-f18b21635daf, bf782989-caf5-455b-999a-efc72a72a0bf
00:00:29.143447 UIMediumEnumerator:  New usage: 12c11262-8137-4f75-b1ff-f18b21635daf, bf782989-caf5-455b-999a-efc72a72a0bf
00:00:29.143496 UIMediumEnumerator: Machine (or snapshot) event processed, ID = 4ad3e628-a08a-4254-8a9f-7ca11d7baa80
